\BOOKMARK [1][-]{section.1}{\376\377\000I\000n\000t\000r\000o\000d\000u\000c\000t\000i\000o\000n}{}% 1
\BOOKMARK [1][-]{section.2}{\376\377\000s\000y\000s\000t\000e\000m\000\040\000d\000e\000s\000i\000g\000n\000\040\000a\000n\000d\000\040\000c\000o\000d\000i\000n\000g}{}% 2
\BOOKMARK [2][-]{subsubsection.2.0.1}{\376\377\000C\000h\000r\000o\000m\000a\000t\000i\000c\000\040\000D\000i\000s\000p\000e\000r\000s\000i\000o\000n\000\040\000\050\000C\000D\000\051}{section.2}% 3
\BOOKMARK [3][-]{subsubsection.2.0.2}{\376\377\000P\000o\000l\000a\000r\000i\000s\000a\000t\000i\000o\000n\000\040\000M\000o\000d\000e\000\040\000D\000i\000s\000p\000e\000r\000s\000i\000o\000n\000\040\000\050\000P\000M\000D\000\051}{subsubsection.2.0.1}% 4
\BOOKMARK [3][-]{subsubsection.2.0.3}{\376\377\000K\000e\000r\000r\000\040\000E\000f\000f\000e\000c\000t}{subsubsection.2.0.1}% 5
\BOOKMARK [3][-]{subsubsection.2.0.4}{\376\377\000F\000o\000u\000r\000-\000W\000a\000v\000e\000\040\000M\000i\000x\000i\000n\000g\000\040\000\050\000F\000W\000M\000\051}{subsubsection.2.0.1}% 6
\BOOKMARK [3][-]{subsubsection.2.0.5}{\376\377\000A\000m\000p\000l\000i\000f\000i\000e\000d\000\040\000S\000p\000o\000n\000t\000a\000n\000e\000o\000u\000s\000\040\000E\000m\000i\000s\000s\000i\000o\000n\000\040\000\050\000A\000S\000E\000\051\000\040\000N\000o\000i\000s\000e}{subsubsection.2.0.1}% 7
\BOOKMARK [3][-]{subsubsection.2.0.6}{\376\377\000F\000i\000b\000r\000e\000\040\000A\000t\000t\000e\000n\000u\000a\000t\000i\000o\000n}{subsubsection.2.0.1}% 8
\BOOKMARK [3][-]{subsubsection.2.0.7}{\376\377\000S\000i\000m\000u\000l\000a\000t\000i\000o\000n\000\040\000M\000e\000t\000h\000o\000d}{subsubsection.2.0.1}% 9
\BOOKMARK [1][-]{section.3}{\376\377\000I\000n\000t\000r\000o\000d\000u\000c\000t\000i\000o\000n}{}% 10
\BOOKMARK [1][-]{section.4}{\376\377\000s\000y\000s\000t\000e\000m\000\040\000d\000e\000s\000i\000g\000n\000\040\000a\000n\000d\000\040\000c\000o\000d\000i\000n\000g}{}% 11
\BOOKMARK [2][-]{subsubsection.4.0.1}{\376\377\000C\000h\000r\000o\000m\000a\000t\000i\000c\000\040\000D\000i\000s\000p\000e\000r\000s\000i\000o\000n\000\040\000\050\000C\000D\000\051}{section.4}% 12
\BOOKMARK [3][-]{subsubsection.4.0.2}{\376\377\000P\000o\000l\000a\000r\000i\000s\000a\000t\000i\000o\000n\000\040\000M\000o\000d\000e\000\040\000D\000i\000s\000p\000e\000r\000s\000i\000o\000n\000\040\000\050\000P\000M\000D\000\051}{subsubsection.4.0.1}% 13
\BOOKMARK [3][-]{subsubsection.4.0.3}{\376\377\000K\000e\000r\000r\000\040\000E\000f\000f\000e\000c\000t}{subsubsection.4.0.1}% 14
\BOOKMARK [3][-]{subsubsection.4.0.4}{\376\377\000F\000o\000u\000r\000-\000W\000a\000v\000e\000\040\000M\000i\000x\000i\000n\000g\000\040\000\050\000F\000W\000M\000\051}{subsubsection.4.0.1}% 15
\BOOKMARK [3][-]{subsubsection.4.0.5}{\376\377\000A\000m\000p\000l\000i\000f\000i\000e\000d\000\040\000S\000p\000o\000n\000t\000a\000n\000e\000o\000u\000s\000\040\000E\000m\000i\000s\000s\000i\000o\000n\000\040\000\050\000A\000S\000E\000\051\000\040\000N\000o\000i\000s\000e}{subsubsection.4.0.1}% 16
\BOOKMARK [3][-]{subsubsection.4.0.6}{\376\377\000F\000i\000b\000r\000e\000\040\000A\000t\000t\000e\000n\000u\000a\000t\000i\000o\000n}{subsubsection.4.0.1}% 17
\BOOKMARK [3][-]{subsubsection.4.0.7}{\376\377\000S\000i\000m\000u\000l\000a\000t\000i\000o\000n\000\040\000M\000e\000t\000h\000o\000d}{subsubsection.4.0.1}% 18
\BOOKMARK [2][-]{subsection.4.1}{\376\377\000A\000u\000t\000o\000e\000n\000c\000o\000d\000e\000r\000\040\000I\000m\000p\000l\000e\000m\000e\000n\000t\000a\000t\000i\000o\000n}{section.4}% 19
\BOOKMARK [3][-]{subsubsection.4.1.1}{\376\377\000C\000o\000d\000e\000\040\000E\000x\000p\000l\000a\000n\000a\000t\000i\000o\000n}{subsection.4.1}% 20
\BOOKMARK [3][-]{subsubsection.4.1.2}{\376\377\000R\000e\000s\000u\000l\000t\000s\000\040\000a\000n\000d\000\040\000D\000i\000s\000c\000u\000s\000s\000i\000o\000n}{subsection.4.1}% 21
\BOOKMARK [3][-]{subsubsection.4.1.3}{\376\377\000C\000o\000n\000c\000l\000u\000s\000i\000o\000n}{subsection.4.1}% 22
\BOOKMARK [1][-]{section.5}{\376\377\000F\000u\000t\000u\000r\000e\000\040\000w\000o\000r\000k}{}% 23
\BOOKMARK [2][-]{subsection.5.1}{\376\377\000C\000h\000a\000n\000n\000e\000l\000\040\000M\000o\000d\000e\000l\000i\000n\000g\000\040\000R\000e\000f\000i\000n\000e\000m\000e\000n\000t}{section.5}% 24
\BOOKMARK [2][-]{subsection.5.2}{\376\377\000I\000n\000t\000e\000g\000r\000a\000t\000i\000o\000n\000\040\000o\000f\000\040\000A\000u\000t\000o\000e\000n\000c\000o\000d\000e\000r\000\040\000w\000i\000t\000h\000\040\000S\000e\000m\000a\000n\000t\000i\000c\000\040\000O\000p\000t\000i\000c\000a\000l\000\040\000C\000o\000m\000m\000u\000n\000i\000c\000a\000t\000i\000o\000n}{section.5}% 25
\BOOKMARK [2][-]{subsection.5.3}{\376\377\000A\000p\000p\000l\000y\000i\000n\000g\000\040\000D\000i\000f\000f\000u\000s\000i\000o\000n\000\040\000M\000o\000d\000e\000l\000s\000\040\000t\000o\000\040\000S\000e\000m\000a\000n\000t\000i\000c\000\040\000O\000p\000t\000i\000c\000a\000l\000\040\000C\000o\000m\000m\000u\000n\000i\000c\000a\000t\000i\000o\000n}{section.5}% 26
\BOOKMARK [2][-]{subsection.5.4}{\376\377\000D\000e\000v\000e\000l\000o\000p\000m\000e\000n\000t\000\040\000o\000f\000\040\000S\000e\000m\000a\000n\000t\000i\000c\000\040\000C\000o\000m\000m\000u\000n\000i\000c\000a\000t\000i\000o\000n\000\040\000N\000e\000t\000w\000o\000r\000k\000s}{section.5}% 27
